2024-03-20 18:43:14.569 [main] WARN  org.mybatis.spring.mapper.ClassPathMapperScanner - Skipping MapperFactoryBean with name 'tagMapper' and 'com.nanshuo.partnermatching.mapper.TagMapper' mapperInterface. Bean already defined with the same name!
2024-03-20 18:43:14.571 [main] WARN  org.mybatis.spring.mapper.ClassPathMapperScanner - Skipping MapperFactoryBean with name 'teamMapper' and 'com.nanshuo.partnermatching.mapper.TeamMapper' mapperInterface. Bean already defined with the same name!
2024-03-20 18:43:14.571 [main] WARN  org.mybatis.spring.mapper.ClassPathMapperScanner - Skipping MapperFactoryBean with name 'userMapper' and 'com.nanshuo.partnermatching.mapper.UserMapper' mapperInterface. Bean already defined with the same name!
2024-03-20 18:43:14.572 [main] WARN  org.mybatis.spring.mapper.ClassPathMapperScanner - Skipping MapperFactoryBean with name 'userTeamMapper' and 'com.nanshuo.partnermatching.mapper.UserTeamMapper' mapperInterface. Bean already defined with the same name!
2024-03-20 18:43:14.572 [main] WARN  org.mybatis.spring.mapper.ClassPathMapperScanner - No MyBatis mapper was found in '[com.nanshuo.partnermatching.mapper]' package. Please check your configuration.
2024-03-20 18:44:53.129 [main] WARN  org.mybatis.spring.mapper.ClassPathMapperScanner - Skipping MapperFactoryBean with name 'tagMapper' and 'com.nanshuo.partnermatching.mapper.TagMapper' mapperInterface. Bean already defined with the same name!
2024-03-20 18:44:53.129 [main] WARN  org.mybatis.spring.mapper.ClassPathMapperScanner - Skipping MapperFactoryBean with name 'teamMapper' and 'com.nanshuo.partnermatching.mapper.TeamMapper' mapperInterface. Bean already defined with the same name!
2024-03-20 18:44:53.130 [main] WARN  org.mybatis.spring.mapper.ClassPathMapperScanner - Skipping MapperFactoryBean with name 'userMapper' and 'com.nanshuo.partnermatching.mapper.UserMapper' mapperInterface. Bean already defined with the same name!
2024-03-20 18:44:53.130 [main] WARN  org.mybatis.spring.mapper.ClassPathMapperScanner - Skipping MapperFactoryBean with name 'userTeamMapper' and 'com.nanshuo.partnermatching.mapper.UserTeamMapper' mapperInterface. Bean already defined with the same name!
2024-03-20 18:44:53.130 [main] WARN  org.mybatis.spring.mapper.ClassPathMapperScanner - No MyBatis mapper was found in '[com.nanshuo.partnermatching.mapper]' package. Please check your configuration.
2024-03-20 18:47:54.310 [main] WARN  org.mybatis.spring.mapper.ClassPathMapperScanner - Skipping MapperFactoryBean with name 'tagMapper' and 'com.nanshuo.partnermatching.mapper.TagMapper' mapperInterface. Bean already defined with the same name!
2024-03-20 18:47:54.311 [main] WARN  org.mybatis.spring.mapper.ClassPathMapperScanner - Skipping MapperFactoryBean with name 'teamMapper' and 'com.nanshuo.partnermatching.mapper.TeamMapper' mapperInterface. Bean already defined with the same name!
2024-03-20 18:47:54.311 [main] WARN  org.mybatis.spring.mapper.ClassPathMapperScanner - Skipping MapperFactoryBean with name 'userMapper' and 'com.nanshuo.partnermatching.mapper.UserMapper' mapperInterface. Bean already defined with the same name!
2024-03-20 18:47:54.311 [main] WARN  org.mybatis.spring.mapper.ClassPathMapperScanner - Skipping MapperFactoryBean with name 'userTeamMapper' and 'com.nanshuo.partnermatching.mapper.UserTeamMapper' mapperInterface. Bean already defined with the same name!
2024-03-20 18:47:54.312 [main] WARN  org.mybatis.spring.mapper.ClassPathMapperScanner - No MyBatis mapper was found in '[com.nanshuo.partnermatching.mapper]' package. Please check your configuration.
2024-03-20 18:48:53.892 [main] WARN  org.mybatis.spring.mapper.ClassPathMapperScanner - Skipping MapperFactoryBean with name 'tagMapper' and 'com.nanshuo.partnermatching.mapper.TagMapper' mapperInterface. Bean already defined with the same name!
2024-03-20 18:48:53.893 [main] WARN  org.mybatis.spring.mapper.ClassPathMapperScanner - Skipping MapperFactoryBean with name 'teamMapper' and 'com.nanshuo.partnermatching.mapper.TeamMapper' mapperInterface. Bean already defined with the same name!
2024-03-20 18:48:53.893 [main] WARN  org.mybatis.spring.mapper.ClassPathMapperScanner - Skipping MapperFactoryBean with name 'userMapper' and 'com.nanshuo.partnermatching.mapper.UserMapper' mapperInterface. Bean already defined with the same name!
2024-03-20 18:48:53.893 [main] WARN  org.mybatis.spring.mapper.ClassPathMapperScanner - Skipping MapperFactoryBean with name 'userTeamMapper' and 'com.nanshuo.partnermatching.mapper.UserTeamMapper' mapperInterface. Bean already defined with the same name!
2024-03-20 18:48:53.893 [main] WARN  org.mybatis.spring.mapper.ClassPathMapperScanner - No MyBatis mapper was found in '[com.nanshuo.partnermatching.mapper]' package. Please check your configuration.
2024-03-20 18:51:09.684 [main] WARN  org.mybatis.spring.mapper.ClassPathMapperScanner - Skipping MapperFactoryBean with name 'tagMapper' and 'com.nanshuo.partnermatching.mapper.TagMapper' mapperInterface. Bean already defined with the same name!
2024-03-20 18:51:09.684 [main] WARN  org.mybatis.spring.mapper.ClassPathMapperScanner - Skipping MapperFactoryBean with name 'teamMapper' and 'com.nanshuo.partnermatching.mapper.TeamMapper' mapperInterface. Bean already defined with the same name!
2024-03-20 18:51:09.684 [main] WARN  org.mybatis.spring.mapper.ClassPathMapperScanner - Skipping MapperFactoryBean with name 'userMapper' and 'com.nanshuo.partnermatching.mapper.UserMapper' mapperInterface. Bean already defined with the same name!
2024-03-20 18:51:09.684 [main] WARN  org.mybatis.spring.mapper.ClassPathMapperScanner - Skipping MapperFactoryBean with name 'userTeamMapper' and 'com.nanshuo.partnermatching.mapper.UserTeamMapper' mapperInterface. Bean already defined with the same name!
2024-03-20 18:51:09.684 [main] WARN  org.mybatis.spring.mapper.ClassPathMapperScanner - No MyBatis mapper was found in '[com.nanshuo.partnermatching.mapper]' package. Please check your configuration.
