2024-03-20 18:43:12.693 [main] INFO  c.n.springboot.service.impl.UserServiceImplTest - Starting UserServiceImplTest using Java 1.8.0_402 on nanshuo with PID 12200 (started by dell in E:\Desktop\code\2024\partner-matching-backend)
2024-03-20 18:43:12.698 [main] INFO  c.n.springboot.service.impl.UserServiceImplTest - The following 1 profile is active: "dev"
2024-03-20 18:43:14.208 [main] INFO  o.s.d.r.config.RepositoryConfigurationDelegate - Multiple Spring Data modules found, entering strict repository configuration mode
2024-03-20 18:43:14.213 [main] INFO  o.s.d.r.config.RepositoryConfigurationDelegate - Bootstrapping Spring Data Redis repositories in DEFAULT mode.
2024-03-20 18:43:14.255 [main] INFO  o.s.d.r.config.RepositoryConfigurationDelegate - Finished Spring Data repository scanning in 18 ms. Found 0 Redis repository interfaces.
2024-03-20 18:43:23.994 [main] INFO  o.s.s.a.ScheduledAnnotationBeanPostProcessor - No TaskScheduler/ScheduledExecutorService bean found for scheduled processing
2024-03-20 18:43:24.013 [main] INFO  c.n.springboot.service.impl.UserServiceImplTest - Started UserServiceImplTest in 11.92 seconds (JVM running for 13.412)
2024-03-20 18:43:24.651 [main] INFO  com.zaxxer.hikari.HikariDataSource - HikariPool-1 - Starting...
2024-03-20 18:43:25.293 [main] INFO  com.zaxxer.hikari.HikariDataSource - HikariPool-1 - Start completed.
2024-03-20 18:43:25.470 [SpringApplicationShutdownHook] INFO  com.zaxxer.hikari.HikariDataSource - HikariPool-1 - Shutdown initiated...
2024-03-20 18:43:25.511 [SpringApplicationShutdownHook] INFO  com.zaxxer.hikari.HikariDataSource - HikariPool-1 - Shutdown completed.
2024-03-20 18:44:51.540 [main] INFO  c.n.springboot.service.impl.UserServiceImplTest - Starting UserServiceImplTest using Java 1.8.0_402 on nanshuo with PID 13112 (started by dell in E:\Desktop\code\2024\partner-matching-backend)
2024-03-20 18:44:51.542 [main] INFO  c.n.springboot.service.impl.UserServiceImplTest - The following 1 profile is active: "dev"
2024-03-20 18:44:52.885 [main] INFO  o.s.d.r.config.RepositoryConfigurationDelegate - Multiple Spring Data modules found, entering strict repository configuration mode
2024-03-20 18:44:52.889 [main] INFO  o.s.d.r.config.RepositoryConfigurationDelegate - Bootstrapping Spring Data Redis repositories in DEFAULT mode.
2024-03-20 18:44:52.916 [main] INFO  o.s.d.r.config.RepositoryConfigurationDelegate - Finished Spring Data repository scanning in 12 ms. Found 0 Redis repository interfaces.
2024-03-20 18:45:01.865 [main] INFO  o.s.s.a.ScheduledAnnotationBeanPostProcessor - No TaskScheduler/ScheduledExecutorService bean found for scheduled processing
2024-03-20 18:45:01.882 [main] INFO  c.n.springboot.service.impl.UserServiceImplTest - Started UserServiceImplTest in 11.001 seconds (JVM running for 12.573)
2024-03-20 18:45:02.314 [main] INFO  com.zaxxer.hikari.HikariDataSource - HikariPool-1 - Starting...
2024-03-20 18:45:02.786 [main] INFO  com.zaxxer.hikari.HikariDataSource - HikariPool-1 - Start completed.
2024-03-20 18:45:02.931 [SpringApplicationShutdownHook] INFO  com.zaxxer.hikari.HikariDataSource - HikariPool-1 - Shutdown initiated...
2024-03-20 18:45:02.957 [SpringApplicationShutdownHook] INFO  com.zaxxer.hikari.HikariDataSource - HikariPool-1 - Shutdown completed.
2024-03-20 18:47:53.094 [main] INFO  c.n.springboot.service.impl.UserServiceImplTest - Starting UserServiceImplTest using Java 1.8.0_402 on nanshuo with PID 11952 (started by dell in E:\Desktop\code\2024\partner-matching-backend)
2024-03-20 18:47:53.096 [main] INFO  c.n.springboot.service.impl.UserServiceImplTest - The following 1 profile is active: "dev"
2024-03-20 18:47:54.086 [main] INFO  o.s.d.r.config.RepositoryConfigurationDelegate - Multiple Spring Data modules found, entering strict repository configuration mode
2024-03-20 18:47:54.089 [main] INFO  o.s.d.r.config.RepositoryConfigurationDelegate - Bootstrapping Spring Data Redis repositories in DEFAULT mode.
2024-03-20 18:47:54.113 [main] INFO  o.s.d.r.config.RepositoryConfigurationDelegate - Finished Spring Data repository scanning in 11 ms. Found 0 Redis repository interfaces.
2024-03-20 18:48:02.490 [main] INFO  o.s.s.a.ScheduledAnnotationBeanPostProcessor - No TaskScheduler/ScheduledExecutorService bean found for scheduled processing
2024-03-20 18:48:02.506 [main] INFO  c.n.springboot.service.impl.UserServiceImplTest - Started UserServiceImplTest in 9.921 seconds (JVM running for 11.448)
2024-03-20 18:48:03.091 [main] INFO  com.zaxxer.hikari.HikariDataSource - HikariPool-1 - Starting...
2024-03-20 18:48:03.631 [main] INFO  com.zaxxer.hikari.HikariDataSource - HikariPool-1 - Start completed.
2024-03-20 18:48:03.853 [SpringApplicationShutdownHook] INFO  com.zaxxer.hikari.HikariDataSource - HikariPool-1 - Shutdown initiated...
2024-03-20 18:48:03.881 [SpringApplicationShutdownHook] INFO  com.zaxxer.hikari.HikariDataSource - HikariPool-1 - Shutdown completed.
2024-03-20 18:48:52.700 [main] INFO  c.n.springboot.service.impl.UserServiceImplTest - Starting UserServiceImplTest using Java 1.8.0_402 on nanshuo with PID 10796 (started by dell in E:\Desktop\code\2024\partner-matching-backend)
2024-03-20 18:48:52.701 [main] INFO  c.n.springboot.service.impl.UserServiceImplTest - The following 1 profile is active: "dev"
2024-03-20 18:48:53.675 [main] INFO  o.s.d.r.config.RepositoryConfigurationDelegate - Multiple Spring Data modules found, entering strict repository configuration mode
2024-03-20 18:48:53.678 [main] INFO  o.s.d.r.config.RepositoryConfigurationDelegate - Bootstrapping Spring Data Redis repositories in DEFAULT mode.
2024-03-20 18:48:53.704 [main] INFO  o.s.d.r.config.RepositoryConfigurationDelegate - Finished Spring Data repository scanning in 11 ms. Found 0 Redis repository interfaces.
2024-03-20 18:49:02.760 [main] INFO  o.s.s.a.ScheduledAnnotationBeanPostProcessor - No TaskScheduler/ScheduledExecutorService bean found for scheduled processing
2024-03-20 18:49:02.777 [main] INFO  c.n.springboot.service.impl.UserServiceImplTest - Started UserServiceImplTest in 10.549 seconds (JVM running for 11.882)
2024-03-20 18:49:07.719 [main] INFO  com.zaxxer.hikari.HikariDataSource - HikariPool-1 - Starting...
2024-03-20 18:49:08.863 [main] INFO  com.zaxxer.hikari.HikariDataSource - HikariPool-1 - Start completed.
2024-03-20 18:50:20.634 [SpringApplicationShutdownHook] INFO  com.zaxxer.hikari.HikariDataSource - HikariPool-1 - Shutdown initiated...
2024-03-20 18:50:20.653 [SpringApplicationShutdownHook] INFO  com.zaxxer.hikari.HikariDataSource - HikariPool-1 - Shutdown completed.
2024-03-20 18:51:08.653 [main] INFO  c.n.springboot.service.impl.UserServiceImplTest - Starting UserServiceImplTest using Java 1.8.0_402 on nanshuo with PID 120 (started by dell in E:\Desktop\code\2024\partner-matching-backend)
2024-03-20 18:51:08.654 [main] INFO  c.n.springboot.service.impl.UserServiceImplTest - The following 1 profile is active: "dev"
2024-03-20 18:51:09.495 [main] INFO  o.s.d.r.config.RepositoryConfigurationDelegate - Multiple Spring Data modules found, entering strict repository configuration mode
2024-03-20 18:51:09.499 [main] INFO  o.s.d.r.config.RepositoryConfigurationDelegate - Bootstrapping Spring Data Redis repositories in DEFAULT mode.
2024-03-20 18:51:09.522 [main] INFO  o.s.d.r.config.RepositoryConfigurationDelegate - Finished Spring Data repository scanning in 11 ms. Found 0 Redis repository interfaces.
2024-03-20 18:51:16.887 [main] INFO  o.s.s.a.ScheduledAnnotationBeanPostProcessor - No TaskScheduler/ScheduledExecutorService bean found for scheduled processing
2024-03-20 18:51:16.905 [main] INFO  c.n.springboot.service.impl.UserServiceImplTest - Started UserServiceImplTest in 8.684 seconds (JVM running for 9.768)
2024-03-20 18:51:17.282 [main] INFO  com.zaxxer.hikari.HikariDataSource - HikariPool-1 - Starting...
2024-03-20 18:51:17.710 [main] INFO  com.zaxxer.hikari.HikariDataSource - HikariPool-1 - Start completed.
2024-03-20 18:51:17.860 [SpringApplicationShutdownHook] INFO  com.zaxxer.hikari.HikariDataSource - HikariPool-1 - Shutdown initiated...
2024-03-20 18:51:17.883 [SpringApplicationShutdownHook] INFO  com.zaxxer.hikari.HikariDataSource - HikariPool-1 - Shutdown completed.
